Analysis & Synthesis report for Project1_CSS244
Mon Oct  9 21:10:29 2023
Quartus Prime Version 22.1std.0 Build 915 10/25/2022 SC Lite Edition


---------------------
; Table of Contents ;
---------------------
  1. Legal Notice
  2. Analysis & Synthesis Summary
  3. Analysis & Synthesis Settings
  4. Parallel Compilation
  5. Analysis & Synthesis Source Files Read
  6. Analysis & Synthesis Resource Usage Summary
  7. Analysis & Synthesis Resource Utilization by Entity
  8. General Register Statistics
  9. Parameter Settings for User Entity Instance: debouncer:comb_3
 10. Parameter Settings for User Entity Instance: debouncer:comb_4
 11. Port Connectivity Checks: "seven_seg:Fa_Change_Segment"
 12. Port Connectivity Checks: "seven_seg:Change3_Seg"
 13. Port Connectivity Checks: "seven_seg:Change2_Seg"
 14. Port Connectivity Checks: "seven_seg:Change1_Seg"
 15. Port Connectivity Checks: "seven_seg:state"
 16. Port Connectivity Checks: "D_FF_neg:comb_9"
 17. Port Connectivity Checks: "D_FF_neg:comb_8"
 18. Port Connectivity Checks: "D_FF_neg:comb_7"
 19. Port Connectivity Checks: "D_FF_neg:comb_6"
 20. Post-Synthesis Netlist Statistics for Top Partition
 21. Elapsed Time Per Partition
 22. Analysis & Synthesis Messages



----------------
; Legal Notice ;
----------------
Copyright (C) 2022  Intel Corporation. All rights reserved.
Your use of Intel Corporation's design tools, logic functions 
and other software and tools, and any partner logic 
functions, and any output files from any of the foregoing 
(including device programming or simulation files), and any 
associated documentation or information are expressly subject 
to the terms and conditions of the Intel Program License 
Subscription Agreement, the Intel Quartus Prime License Agreement,
the Intel FPGA IP License Agreement, or other applicable license
agreement, including, without limitation, that your use is for
the sole purpose of programming logic devices manufactured by
Intel and sold by Intel or its authorized distributors.  Please
refer to the applicable agreement for further details, at
https://fpgasoftware.intel.com/eula.



+-------------------------------------------------------------------------------------+
; Analysis & Synthesis Summary                                                        ;
+------------------------------------+------------------------------------------------+
; Analysis & Synthesis Status        ; Successful - Mon Oct  9 21:10:29 2023          ;
; Quartus Prime Version              ; 22.1std.0 Build 915 10/25/2022 SC Lite Edition ;
; Revision Name                      ; Project1_CSS244                                ;
; Top-level Entity Name              ; Project1_CSC244                                ;
; Family                             ; MAX 10                                         ;
; Total logic elements               ; 90                                             ;
;     Total combinational functions  ; 90                                             ;
;     Dedicated logic registers      ; 38                                             ;
; Total registers                    ; 38                                             ;
; Total pins                         ; 47                                             ;
; Total virtual pins                 ; 0                                              ;
; Total memory bits                  ; 0                                              ;
; Embedded Multiplier 9-bit elements ; 0                                              ;
; Total PLLs                         ; 0                                              ;
; UFM blocks                         ; 0                                              ;
; ADC blocks                         ; 0                                              ;
+------------------------------------+------------------------------------------------+


+------------------------------------------------------------------------------------------------------------+
; Analysis & Synthesis Settings                                                                              ;
+------------------------------------------------------------------+--------------------+--------------------+
; Option                                                           ; Setting            ; Default Value      ;
+------------------------------------------------------------------+--------------------+--------------------+
; Device                                                           ; 10M50DAF484C7G     ;                    ;
; Top-level entity name                                            ; Project1_CSC244    ; Project1_CSS244    ;
; Family name                                                      ; MAX 10             ; Cyclone V          ;
; Use smart compilation                                            ; Off                ; Off                ;
; Enable parallel Assembler and Timing Analyzer during compilation ; On                 ; On                 ;
; Enable compact report table                                      ; Off                ; Off                ;
; Restructure Multiplexers                                         ; Auto               ; Auto               ;
; Create Debugging Nodes for IP Cores                              ; Off                ; Off                ;
; Preserve fewer node names                                        ; On                 ; On                 ;
; Intel FPGA IP Evaluation Mode                                    ; Enable             ; Enable             ;
; Verilog Version                                                  ; Verilog_2001       ; Verilog_2001       ;
; VHDL Version                                                     ; VHDL_1993          ; VHDL_1993          ;
; State Machine Processing                                         ; Auto               ; Auto               ;
; Safe State Machine                                               ; Off                ; Off                ;
; Extract Verilog State Machines                                   ; On                 ; On                 ;
; Extract VHDL State Machines                                      ; On                 ; On                 ;
; Ignore Verilog initial constructs                                ; Off                ; Off                ;
; Iteration limit for constant Verilog loops                       ; 5000               ; 5000               ;
; Iteration limit for non-constant Verilog loops                   ; 250                ; 250                ;
; Add Pass-Through Logic to Inferred RAMs                          ; On                 ; On                 ;
; Infer RAMs from Raw Logic                                        ; On                 ; On                 ;
; Parallel Synthesis                                               ; On                 ; On                 ;
; DSP Block Balancing                                              ; Auto               ; Auto               ;
; NOT Gate Push-Back                                               ; On                 ; On                 ;
; Power-Up Don't Care                                              ; On                 ; On                 ;
; Remove Redundant Logic Cells                                     ; Off                ; Off                ;
; Remove Duplicate Registers                                       ; On                 ; On                 ;
; Ignore CARRY Buffers                                             ; Off                ; Off                ;
; Ignore CASCADE Buffers                                           ; Off                ; Off                ;
; Ignore GLOBAL Buffers                                            ; Off                ; Off                ;
; Ignore ROW GLOBAL Buffers                                        ; Off                ; Off                ;
; Ignore LCELL Buffers                                             ; Off                ; Off                ;
; Ignore SOFT Buffers                                              ; On                 ; On                 ;
; Limit AHDL Integers to 32 Bits                                   ; Off                ; Off                ;
; Optimization Technique                                           ; Balanced           ; Balanced           ;
; Carry Chain Length                                               ; 70                 ; 70                 ;
; Auto Carry Chains                                                ; On                 ; On                 ;
; Auto Open-Drain Pins                                             ; On                 ; On                 ;
; Perform WYSIWYG Primitive Resynthesis                            ; Off                ; Off                ;
; Auto ROM Replacement                                             ; On                 ; On                 ;
; Auto RAM Replacement                                             ; On                 ; On                 ;
; Auto DSP Block Replacement                                       ; On                 ; On                 ;
; Auto Shift Register Replacement                                  ; Auto               ; Auto               ;
; Allow Shift Register Merging across Hierarchies                  ; Auto               ; Auto               ;
; Auto Clock Enable Replacement                                    ; On                 ; On                 ;
; Strict RAM Replacement                                           ; Off                ; Off                ;
; Allow Synchronous Control Signals                                ; On                 ; On                 ;
; Force Use of Synchronous Clear Signals                           ; Off                ; Off                ;
; Auto RAM Block Balancing                                         ; On                 ; On                 ;
; Auto RAM to Logic Cell Conversion                                ; Off                ; Off                ;
; Auto Resource Sharing                                            ; Off                ; Off                ;
; Allow Any RAM Size For Recognition                               ; Off                ; Off                ;
; Allow Any ROM Size For Recognition                               ; Off                ; Off                ;
; Allow Any Shift Register Size For Recognition                    ; Off                ; Off                ;
; Use LogicLock Constraints during Resource Balancing              ; On                 ; On                 ;
; Ignore translate_off and synthesis_off directives                ; Off                ; Off                ;
; Timing-Driven Synthesis                                          ; On                 ; On                 ;
; Report Parameter Settings                                        ; On                 ; On                 ;
; Report Source Assignments                                        ; On                 ; On                 ;
; Report Connectivity Checks                                       ; On                 ; On                 ;
; Ignore Maximum Fan-Out Assignments                               ; Off                ; Off                ;
; Synchronization Register Chain Length                            ; 2                  ; 2                  ;
; Power Optimization During Synthesis                              ; Normal compilation ; Normal compilation ;
; HDL message level                                                ; Level2             ; Level2             ;
; Suppress Register Optimization Related Messages                  ; Off                ; Off                ;
; Number of Removed Registers Reported in Synthesis Report         ; 5000               ; 5000               ;
; Number of Swept Nodes Reported in Synthesis Report               ; 5000               ; 5000               ;
; Number of Inverted Registers Reported in Synthesis Report        ; 100                ; 100                ;
; Clock MUX Protection                                             ; On                 ; On                 ;
; Auto Gated Clock Conversion                                      ; Off                ; Off                ;
; Block Design Naming                                              ; Auto               ; Auto               ;
; SDC constraint protection                                        ; Off                ; Off                ;
; Synthesis Effort                                                 ; Auto               ; Auto               ;
; Shift Register Replacement - Allow Asynchronous Clear Signal     ; On                 ; On                 ;
; Pre-Mapping Resynthesis Optimization                             ; Off                ; Off                ;
; Analysis & Synthesis Message Level                               ; Medium             ; Medium             ;
; Disable Register Merging Across Hierarchies                      ; Auto               ; Auto               ;
; Resource Aware Inference For Block RAM                           ; On                 ; On                 ;
+------------------------------------------------------------------+--------------------+--------------------+


+------------------------------------------+
; Parallel Compilation                     ;
+----------------------------+-------------+
; Processors                 ; Number      ;
+----------------------------+-------------+
; Number detected on machine ; 8           ;
; Maximum allowed            ; 4           ;
;                            ;             ;
; Average used               ; 1.00        ;
; Maximum used               ; 4           ;
;                            ;             ;
; Usage by Processor         ; % Time Used ;
;     Processor 1            ; 100.0%      ;
;     Processors 2-4         ;   0.0%      ;
+----------------------------+-------------+


+----------------------------------------------------------------------------------------------------------------------------------------------------------------------------+
; Analysis & Synthesis Source Files Read                                                                                                                                     ;
+----------------------------------+-----------------+------------------------------+------------------------------------------------------------------------------+---------+
; File Name with User-Entered Path ; Used in Netlist ; File Type                    ; File Name with Absolute Path                                                 ; Library ;
+----------------------------------+-----------------+------------------------------+------------------------------------------------------------------------------+---------+
; source_code/D_FF_neg.sv          ; yes             ; User SystemVerilog HDL File  ; C:/Users/TrungNguyen/Desktop/PROJECT_1_CSC244/source_code/D_FF_neg.sv        ;         ;
; source_code/debouncer.sv         ; yes             ; User SystemVerilog HDL File  ; C:/Users/TrungNguyen/Desktop/PROJECT_1_CSC244/source_code/debouncer.sv       ;         ;
; source_code/Project1_CSC244.sv   ; yes             ; User SystemVerilog HDL File  ; C:/Users/TrungNguyen/Desktop/PROJECT_1_CSC244/source_code/Project1_CSC244.sv ;         ;
; source_code/Encoder3_2.sv        ; yes             ; User SystemVerilog HDL File  ; C:/Users/TrungNguyen/Desktop/PROJECT_1_CSC244/source_code/Encoder3_2.sv      ;         ;
; source_code/NextStateLogic.sv    ; yes             ; User SystemVerilog HDL File  ; C:/Users/TrungNguyen/Desktop/PROJECT_1_CSC244/source_code/NextStateLogic.sv  ;         ;
; source_code/StateBits.sv         ; yes             ; User SystemVerilog HDL File  ; C:/Users/TrungNguyen/Desktop/PROJECT_1_CSC244/source_code/StateBits.sv       ;         ;
; source_code/seven_seg.sv         ; yes             ; User SystemVerilog HDL File  ; C:/Users/TrungNguyen/Desktop/PROJECT_1_CSC244/source_code/seven_seg.sv       ;         ;
; source_code/decoder4_16.sv       ; yes             ; User SystemVerilog HDL File  ; C:/Users/TrungNguyen/Desktop/PROJECT_1_CSC244/source_code/decoder4_16.sv     ;         ;
; source_code/OutputLogic.sv       ; yes             ; User SystemVerilog HDL File  ; C:/Users/TrungNguyen/Desktop/PROJECT_1_CSC244/source_code/OutputLogic.sv     ;         ;
+----------------------------------+-----------------+------------------------------+------------------------------------------------------------------------------+---------+


+--------------------------------------------------------------+
; Analysis & Synthesis Resource Usage Summary                  ;
+---------------------------------------------+----------------+
; Resource                                    ; Usage          ;
+---------------------------------------------+----------------+
; Estimated Total logic elements              ; 90             ;
;                                             ;                ;
; Total combinational functions               ; 90             ;
; Logic element usage by number of LUT inputs ;                ;
;     -- 4 input functions                    ; 42             ;
;     -- 3 input functions                    ; 16             ;
;     -- <=2 input functions                  ; 32             ;
;                                             ;                ;
; Logic elements by mode                      ;                ;
;     -- normal mode                          ; 60             ;
;     -- arithmetic mode                      ; 30             ;
;                                             ;                ;
; Total registers                             ; 38             ;
;     -- Dedicated logic registers            ; 38             ;
;     -- I/O registers                        ; 0              ;
;                                             ;                ;
; I/O pins                                    ; 47             ;
;                                             ;                ;
; Embedded Multiplier 9-bit elements          ; 0              ;
;                                             ;                ;
; Maximum fan-out node                        ; CLK50MHZ~input ;
; Maximum fan-out                             ; 34             ;
; Total fan-out                               ; 464            ;
; Average fan-out                             ; 2.09           ;
+---------------------------------------------+----------------+


+-----------------------------------------------------------------------------------------------------------------------------------------------------------------------------------------------------------------------------------------------------------------------+
; Analysis & Synthesis Resource Utilization by Entity                                                                                                                                                                                                                   ;
+----------------------------------+---------------------+---------------------------+-------------+------------+--------------+---------+-----------+------+--------------+------------+----------------------------------------------+-----------------+--------------+
; Compilation Hierarchy Node       ; Combinational ALUTs ; Dedicated Logic Registers ; Memory Bits ; UFM Blocks ; DSP Elements ; DSP 9x9 ; DSP 18x18 ; Pins ; Virtual Pins ; ADC blocks ; Full Hierarchy Name                          ; Entity Name     ; Library Name ;
+----------------------------------+---------------------+---------------------------+-------------+------------+--------------+---------+-----------+------+--------------+------------+----------------------------------------------+-----------------+--------------+
; |Project1_CSC244                 ; 90 (0)              ; 38 (0)                    ; 0           ; 0          ; 0            ; 0       ; 0         ; 47   ; 0            ; 0          ; |Project1_CSC244                             ; Project1_CSC244 ; work         ;
;    |D_FF_neg:comb_6|             ; 0 (0)               ; 1 (1)                     ; 0           ; 0          ; 0            ; 0       ; 0         ; 0    ; 0            ; 0          ; |Project1_CSC244|D_FF_neg:comb_6             ; D_FF_neg        ; work         ;
;    |D_FF_neg:comb_7|             ; 0 (0)               ; 1 (1)                     ; 0           ; 0          ; 0            ; 0       ; 0         ; 0    ; 0            ; 0          ; |Project1_CSC244|D_FF_neg:comb_7             ; D_FF_neg        ; work         ;
;    |D_FF_neg:comb_8|             ; 0 (0)               ; 1 (1)                     ; 0           ; 0          ; 0            ; 0       ; 0         ; 0    ; 0            ; 0          ; |Project1_CSC244|D_FF_neg:comb_8             ; D_FF_neg        ; work         ;
;    |D_FF_neg:comb_9|             ; 0 (0)               ; 1 (1)                     ; 0           ; 0          ; 0            ; 0       ; 0         ; 0    ; 0            ; 0          ; |Project1_CSC244|D_FF_neg:comb_9             ; D_FF_neg        ; work         ;
;    |Encoder3_2:encoder3_2|       ; 1 (1)               ; 0 (0)                     ; 0           ; 0          ; 0            ; 0       ; 0         ; 0    ; 0            ; 0          ; |Project1_CSC244|Encoder3_2:encoder3_2       ; Encoder3_2      ; work         ;
;    |NextStateLogic:comb_5|       ; 29 (29)             ; 0 (0)                     ; 0           ; 0          ; 0            ; 0       ; 0         ; 0    ; 0            ; 0          ; |Project1_CSC244|NextStateLogic:comb_5       ; NextStateLogic  ; work         ;
;    |OutputLogic:comb_12|         ; 3 (3)               ; 0 (0)                     ; 0           ; 0          ; 0            ; 0       ; 0         ; 0    ; 0            ; 0          ; |Project1_CSC244|OutputLogic:comb_12         ; OutputLogic     ; work         ;
;    |debouncer:comb_3|            ; 23 (23)             ; 17 (17)                   ; 0           ; 0          ; 0            ; 0       ; 0         ; 0    ; 0            ; 0          ; |Project1_CSC244|debouncer:comb_3            ; debouncer       ; work         ;
;    |debouncer:comb_4|            ; 22 (22)             ; 17 (17)                   ; 0           ; 0          ; 0            ; 0       ; 0         ; 0    ; 0            ; 0          ; |Project1_CSC244|debouncer:comb_4            ; debouncer       ; work         ;
;    |decoder4_16:comb_11|         ; 1 (1)               ; 0 (0)                     ; 0           ; 0          ; 0            ; 0       ; 0         ; 0    ; 0            ; 0          ; |Project1_CSC244|decoder4_16:comb_11         ; decoder4_16     ; work         ;
;    |seven_seg:Change2_Seg|       ; 4 (4)               ; 0 (0)                     ; 0           ; 0          ; 0            ; 0       ; 0         ; 0    ; 0            ; 0          ; |Project1_CSC244|seven_seg:Change2_Seg       ; seven_seg       ; work         ;
;    |seven_seg:Fa_Change_Segment| ; 1 (1)               ; 0 (0)                     ; 0           ; 0          ; 0            ; 0       ; 0         ; 0    ; 0            ; 0          ; |Project1_CSC244|seven_seg:Fa_Change_Segment ; seven_seg       ; work         ;
;    |seven_seg:state|             ; 6 (6)               ; 0 (0)                     ; 0           ; 0          ; 0            ; 0       ; 0         ; 0    ; 0            ; 0          ; |Project1_CSC244|seven_seg:state             ; seven_seg       ; work         ;
+----------------------------------+---------------------+---------------------------+-------------+------------+--------------+---------+-----------+------+--------------+------------+----------------------------------------------+-----------------+--------------+
Note: For table entries with two numbers listed, the numbers in parentheses indicate the number of resources of the given type used by the specific entity alone. The numbers listed outside of parentheses indicate the total resources of the given type used by the specific entity and all of its sub-entities in the hierarchy.


+------------------------------------------------------+
; General Register Statistics                          ;
+----------------------------------------------+-------+
; Statistic                                    ; Value ;
+----------------------------------------------+-------+
; Total registers                              ; 38    ;
; Number of registers using Synchronous Clear  ; 32    ;
; Number of registers using Synchronous Load   ; 0     ;
; Number of registers using Asynchronous Clear ; 4     ;
; Number of registers using Asynchronous Load  ; 0     ;
; Number of registers using Clock Enable       ; 0     ;
; Number of registers using Preset             ; 0     ;
+----------------------------------------------+-------+


+---------------------------------------------------------------+
; Parameter Settings for User Entity Instance: debouncer:comb_3 ;
+----------------+------------------+---------------------------+
; Parameter Name ; Value            ; Type                      ;
+----------------+------------------+---------------------------+
; COMPARE        ; 1100001101010000 ; Unsigned Binary           ;
+----------------+------------------+---------------------------+
Note: In order to hide this table in the UI and the text report file, please set the "Show Parameter Settings in Synthesis Report" option in "Analysis and Synthesis Settings -> More Settings" to "Off".


+---------------------------------------------------------------+
; Parameter Settings for User Entity Instance: debouncer:comb_4 ;
+----------------+------------------+---------------------------+
; Parameter Name ; Value            ; Type                      ;
+----------------+------------------+---------------------------+
; COMPARE        ; 1100001101010000 ; Unsigned Binary           ;
+----------------+------------------+---------------------------+
Note: In order to hide this table in the UI and the text report file, please set the "Show Parameter Settings in Synthesis Report" option in "Analysis and Synthesis Settings -> More Settings" to "Off".


+----------------------------------------------------------------------------------------------------------------------------------------------------------------------------+
; Port Connectivity Checks: "seven_seg:Fa_Change_Segment"                                                                                                                    ;
+---------+--------+----------+----------------------------------------------------------------------------------------------------------------------------------------------+
; Port    ; Type   ; Severity ; Details                                                                                                                                      ;
+---------+--------+----------+----------------------------------------------------------------------------------------------------------------------------------------------+
; dot     ; Input  ; Warning  ; Declared by entity but not connected by instance. If a default value exists, it will be used.  Otherwise, the port will be connected to GND. ;
; dot_out ; Output ; Warning  ; Declared by entity but not connected by instance. Logic that only feeds a dangling port will be removed.                                     ;
+---------+--------+----------+----------------------------------------------------------------------------------------------------------------------------------------------+


+----------------------------------------------------------------------------------------------------------------------------------------------------------------------------+
; Port Connectivity Checks: "seven_seg:Change3_Seg"                                                                                                                          ;
+---------+--------+----------+----------------------------------------------------------------------------------------------------------------------------------------------+
; Port    ; Type   ; Severity ; Details                                                                                                                                      ;
+---------+--------+----------+----------------------------------------------------------------------------------------------------------------------------------------------+
; dot     ; Input  ; Warning  ; Declared by entity but not connected by instance. If a default value exists, it will be used.  Otherwise, the port will be connected to GND. ;
; dot_out ; Output ; Warning  ; Declared by entity but not connected by instance. Logic that only feeds a dangling port will be removed.                                     ;
+---------+--------+----------+----------------------------------------------------------------------------------------------------------------------------------------------+


+----------------------------------------------------------------------------------------------------------------------------------------------------------------------------+
; Port Connectivity Checks: "seven_seg:Change2_Seg"                                                                                                                          ;
+---------+--------+----------+----------------------------------------------------------------------------------------------------------------------------------------------+
; Port    ; Type   ; Severity ; Details                                                                                                                                      ;
+---------+--------+----------+----------------------------------------------------------------------------------------------------------------------------------------------+
; dot     ; Input  ; Warning  ; Declared by entity but not connected by instance. If a default value exists, it will be used.  Otherwise, the port will be connected to GND. ;
; dot_out ; Output ; Warning  ; Declared by entity but not connected by instance. Logic that only feeds a dangling port will be removed.                                     ;
+---------+--------+----------+----------------------------------------------------------------------------------------------------------------------------------------------+


+---------------------------------------------------------------------------------------------------------------------------------------------------------------------------+
; Port Connectivity Checks: "seven_seg:Change1_Seg"                                                                                                                         ;
+---------+--------+----------+---------------------------------------------------------------------------------------------------------------------------------------------+
; Port    ; Type   ; Severity ; Details                                                                                                                                     ;
+---------+--------+----------+---------------------------------------------------------------------------------------------------------------------------------------------+
; dot_out ; Output ; Warning  ; Output or bidir port (7 bits) is wider than the port expression (1 bits) it drives; bit(s) "dot_out[6..1]" have no fanouts                  ;
; dot     ; Input  ; Warning  ; Input port expression (1 bits) is smaller than the input port (4 bits) it drives.  Extra input bit(s) "dot[3..1]" will be connected to GND. ;
+---------+--------+----------+---------------------------------------------------------------------------------------------------------------------------------------------+


+----------------------------------------------------------------------------------------------------------------------------------------------------------------------------+
; Port Connectivity Checks: "seven_seg:state"                                                                                                                                ;
+---------+--------+----------+----------------------------------------------------------------------------------------------------------------------------------------------+
; Port    ; Type   ; Severity ; Details                                                                                                                                      ;
+---------+--------+----------+----------------------------------------------------------------------------------------------------------------------------------------------+
; dot     ; Input  ; Warning  ; Declared by entity but not connected by instance. If a default value exists, it will be used.  Otherwise, the port will be connected to GND. ;
; dot_out ; Output ; Warning  ; Declared by entity but not connected by instance. Logic that only feeds a dangling port will be removed.                                     ;
+---------+--------+----------+----------------------------------------------------------------------------------------------------------------------------------------------+


+-------------------------------------------------------------------------------------------------------------------------------------+
; Port Connectivity Checks: "D_FF_neg:comb_9"                                                                                         ;
+------+--------+----------+----------------------------------------------------------------------------------------------------------+
; Port ; Type   ; Severity ; Details                                                                                                  ;
+------+--------+----------+----------------------------------------------------------------------------------------------------------+
; Qb   ; Output ; Warning  ; Declared by entity but not connected by instance. Logic that only feeds a dangling port will be removed. ;
+------+--------+----------+----------------------------------------------------------------------------------------------------------+


+-------------------------------------------------------------------------------------------------------------------------------------+
; Port Connectivity Checks: "D_FF_neg:comb_8"                                                                                         ;
+------+--------+----------+----------------------------------------------------------------------------------------------------------+
; Port ; Type   ; Severity ; Details                                                                                                  ;
+------+--------+----------+----------------------------------------------------------------------------------------------------------+
; Qb   ; Output ; Warning  ; Declared by entity but not connected by instance. Logic that only feeds a dangling port will be removed. ;
+------+--------+----------+----------------------------------------------------------------------------------------------------------+


+-------------------------------------------------------------------------------------------------------------------------------------+
; Port Connectivity Checks: "D_FF_neg:comb_7"                                                                                         ;
+------+--------+----------+----------------------------------------------------------------------------------------------------------+
; Port ; Type   ; Severity ; Details                                                                                                  ;
+------+--------+----------+----------------------------------------------------------------------------------------------------------+
; Qb   ; Output ; Warning  ; Declared by entity but not connected by instance. Logic that only feeds a dangling port will be removed. ;
+------+--------+----------+----------------------------------------------------------------------------------------------------------+


+-------------------------------------------------------------------------------------------------------------------------------------+
; Port Connectivity Checks: "D_FF_neg:comb_6"                                                                                         ;
+------+--------+----------+----------------------------------------------------------------------------------------------------------+
; Port ; Type   ; Severity ; Details                                                                                                  ;
+------+--------+----------+----------------------------------------------------------------------------------------------------------+
; Qb   ; Output ; Warning  ; Declared by entity but not connected by instance. Logic that only feeds a dangling port will be removed. ;
+------+--------+----------+----------------------------------------------------------------------------------------------------------+


+-----------------------------------------------------+
; Post-Synthesis Netlist Statistics for Top Partition ;
+-----------------------+-----------------------------+
; Type                  ; Count                       ;
+-----------------------+-----------------------------+
; boundary_port         ; 47                          ;
; cycloneiii_ff         ; 38                          ;
;     CLR               ; 4                           ;
;     SCLR              ; 32                          ;
;     plain             ; 2                           ;
; cycloneiii_lcell_comb ; 95                          ;
;     arith             ; 30                          ;
;         2 data inputs ; 30                          ;
;     normal            ; 65                          ;
;         0 data inputs ; 2                           ;
;         1 data inputs ; 5                           ;
;         3 data inputs ; 16                          ;
;         4 data inputs ; 42                          ;
;                       ;                             ;
; Max LUT depth         ; 5.00                        ;
; Average LUT depth     ; 2.72                        ;
+-----------------------+-----------------------------+


+-------------------------------+
; Elapsed Time Per Partition    ;
+----------------+--------------+
; Partition Name ; Elapsed Time ;
+----------------+--------------+
; Top            ; 00:00:00     ;
+----------------+--------------+


+-------------------------------+
; Analysis & Synthesis Messages ;
+-------------------------------+
Info: *******************************************************************
Info: Running Quartus Prime Analysis & Synthesis
    Info: Version 22.1std.0 Build 915 10/25/2022 SC Lite Edition
    Info: Processing started: Mon Oct  9 21:10:19 2023
Info: Command: quartus_map --read_settings_files=on --write_settings_files=off Project1_CSS244 -c Project1_CSS244
Warning (18236): Number of processors has not been specified which may cause overloading on shared machines.  Set the global assignment NUM_PARALLEL_PROCESSORS in your QSF to an appropriate value for best performance.
Info (20030): Parallel compilation is enabled and will use 4 of the 4 processors detected
Info (12021): Found 1 design units, including 1 entities, in source file source_code/d_ff_neg.sv
    Info (12023): Found entity 1: D_FF_neg File: C:/Users/TrungNguyen/Desktop/PROJECT_1_CSC244/source_code/D_FF_neg.sv Line: 22
Info (12021): Found 1 design units, including 1 entities, in source file source_code/debouncer.sv
    Info (12023): Found entity 1: debouncer File: C:/Users/TrungNguyen/Desktop/PROJECT_1_CSC244/source_code/debouncer.sv Line: 15
Info (12021): Found 1 design units, including 1 entities, in source file source_code/project1_csc244.sv
    Info (12023): Found entity 1: Project1_CSC244 File: C:/Users/TrungNguyen/Desktop/PROJECT_1_CSC244/source_code/Project1_CSC244.sv Line: 2
Info (12021): Found 1 design units, including 1 entities, in source file source_code/encoder3_2.sv
    Info (12023): Found entity 1: Encoder3_2 File: C:/Users/TrungNguyen/Desktop/PROJECT_1_CSC244/source_code/Encoder3_2.sv Line: 2
Info (12021): Found 1 design units, including 1 entities, in source file source_code/nextstatelogic.sv
    Info (12023): Found entity 1: NextStateLogic File: C:/Users/TrungNguyen/Desktop/PROJECT_1_CSC244/source_code/NextStateLogic.sv Line: 2
Info (12021): Found 1 design units, including 1 entities, in source file source_code/statebits.sv
    Info (12023): Found entity 1: StateBits File: C:/Users/TrungNguyen/Desktop/PROJECT_1_CSC244/source_code/StateBits.sv Line: 2
Info (12021): Found 1 design units, including 1 entities, in source file source_code/seven_seg.sv
    Info (12023): Found entity 1: seven_seg File: C:/Users/TrungNguyen/Desktop/PROJECT_1_CSC244/source_code/seven_seg.sv Line: 2
Info (12021): Found 1 design units, including 1 entities, in source file source_code/decoder4_16.sv
    Info (12023): Found entity 1: decoder4_16 File: C:/Users/TrungNguyen/Desktop/PROJECT_1_CSC244/source_code/decoder4_16.sv Line: 2
Info (12021): Found 1 design units, including 1 entities, in source file source_code/outputlogic.sv
    Info (12023): Found entity 1: OutputLogic File: C:/Users/TrungNguyen/Desktop/PROJECT_1_CSC244/source_code/OutputLogic.sv Line: 2
Critical Warning (10846): Verilog HDL Instantiation warning at Project1_CSC244.sv(19): instance has no name File: C:/Users/TrungNguyen/Desktop/PROJECT_1_CSC244/source_code/Project1_CSC244.sv Line: 19
Critical Warning (10846): Verilog HDL Instantiation warning at Project1_CSC244.sv(21): instance has no name File: C:/Users/TrungNguyen/Desktop/PROJECT_1_CSC244/source_code/Project1_CSC244.sv Line: 21
Critical Warning (10846): Verilog HDL Instantiation warning at Project1_CSC244.sv(30): instance has no name File: C:/Users/TrungNguyen/Desktop/PROJECT_1_CSC244/source_code/Project1_CSC244.sv Line: 30
Critical Warning (10846): Verilog HDL Instantiation warning at Project1_CSC244.sv(33): instance has no name File: C:/Users/TrungNguyen/Desktop/PROJECT_1_CSC244/source_code/Project1_CSC244.sv Line: 33
Critical Warning (10846): Verilog HDL Instantiation warning at Project1_CSC244.sv(34): instance has no name File: C:/Users/TrungNguyen/Desktop/PROJECT_1_CSC244/source_code/Project1_CSC244.sv Line: 34
Critical Warning (10846): Verilog HDL Instantiation warning at Project1_CSC244.sv(35): instance has no name File: C:/Users/TrungNguyen/Desktop/PROJECT_1_CSC244/source_code/Project1_CSC244.sv Line: 35
Critical Warning (10846): Verilog HDL Instantiation warning at Project1_CSC244.sv(36): instance has no name File: C:/Users/TrungNguyen/Desktop/PROJECT_1_CSC244/source_code/Project1_CSC244.sv Line: 36
Critical Warning (10846): Verilog HDL Instantiation warning at Project1_CSC244.sv(40): instance has no name File: C:/Users/TrungNguyen/Desktop/PROJECT_1_CSC244/source_code/Project1_CSC244.sv Line: 40
Critical Warning (10846): Verilog HDL Instantiation warning at Project1_CSC244.sv(47): instance has no name File: C:/Users/TrungNguyen/Desktop/PROJECT_1_CSC244/source_code/Project1_CSC244.sv Line: 47
Critical Warning (10846): Verilog HDL Instantiation warning at Project1_CSC244.sv(53): instance has no name File: C:/Users/TrungNguyen/Desktop/PROJECT_1_CSC244/source_code/Project1_CSC244.sv Line: 53
Info (12127): Elaborating entity "Project1_CSC244" for the top level hierarchy
Info (12128): Elaborating entity "debouncer" for hierarchy "debouncer:comb_3" File: C:/Users/TrungNguyen/Desktop/PROJECT_1_CSC244/source_code/Project1_CSC244.sv Line: 19
Info (12128): Elaborating entity "Encoder3_2" for hierarchy "Encoder3_2:encoder3_2" File: C:/Users/TrungNguyen/Desktop/PROJECT_1_CSC244/source_code/Project1_CSC244.sv Line: 25
Info (12128): Elaborating entity "NextStateLogic" for hierarchy "NextStateLogic:comb_5" File: C:/Users/TrungNguyen/Desktop/PROJECT_1_CSC244/source_code/Project1_CSC244.sv Line: 30
Info (12128): Elaborating entity "D_FF_neg" for hierarchy "D_FF_neg:comb_6" File: C:/Users/TrungNguyen/Desktop/PROJECT_1_CSC244/source_code/Project1_CSC244.sv Line: 33
Info (12128): Elaborating entity "seven_seg" for hierarchy "seven_seg:state" File: C:/Users/TrungNguyen/Desktop/PROJECT_1_CSC244/source_code/Project1_CSC244.sv Line: 39
Warning (10030): Net "y[15..9]" at seven_seg.sv(5) has no driver or initial value, using a default initial value '0' File: C:/Users/TrungNguyen/Desktop/PROJECT_1_CSC244/source_code/seven_seg.sv Line: 5
Warning (10034): Output port "dot_out" at seven_seg.sv(3) has no driver File: C:/Users/TrungNguyen/Desktop/PROJECT_1_CSC244/source_code/seven_seg.sv Line: 3
Info (12128): Elaborating entity "StateBits" for hierarchy "StateBits:comb_10" File: C:/Users/TrungNguyen/Desktop/PROJECT_1_CSC244/source_code/Project1_CSC244.sv Line: 40
Info (12128): Elaborating entity "decoder4_16" for hierarchy "decoder4_16:comb_11" File: C:/Users/TrungNguyen/Desktop/PROJECT_1_CSC244/source_code/Project1_CSC244.sv Line: 47
Info (12128): Elaborating entity "OutputLogic" for hierarchy "OutputLogic:comb_12" File: C:/Users/TrungNguyen/Desktop/PROJECT_1_CSC244/source_code/Project1_CSC244.sv Line: 53
Warning (12241): 9 hierarchies have connectivity warnings - see the Connectivity Checks report folder
Warning (13024): Output pins are stuck at VCC or GND
    Warning (13410): Pin "Change1[0]" is stuck at GND File: C:/Users/TrungNguyen/Desktop/PROJECT_1_CSC244/source_code/Project1_CSC244.sv Line: 8
    Warning (13410): Pin "Change1[1]" is stuck at GND File: C:/Users/TrungNguyen/Desktop/PROJECT_1_CSC244/source_code/Project1_CSC244.sv Line: 8
    Warning (13410): Pin "Change1[2]" is stuck at GND File: C:/Users/TrungNguyen/Desktop/PROJECT_1_CSC244/source_code/Project1_CSC244.sv Line: 8
    Warning (13410): Pin "Change1[3]" is stuck at GND File: C:/Users/TrungNguyen/Desktop/PROJECT_1_CSC244/source_code/Project1_CSC244.sv Line: 8
    Warning (13410): Pin "Change1[4]" is stuck at GND File: C:/Users/TrungNguyen/Desktop/PROJECT_1_CSC244/source_code/Project1_CSC244.sv Line: 8
    Warning (13410): Pin "Change1[5]" is stuck at GND File: C:/Users/TrungNguyen/Desktop/PROJECT_1_CSC244/source_code/Project1_CSC244.sv Line: 8
    Warning (13410): Pin "Change1[6]" is stuck at VCC File: C:/Users/TrungNguyen/Desktop/PROJECT_1_CSC244/source_code/Project1_CSC244.sv Line: 8
    Warning (13410): Pin "Change2[0]" is stuck at GND File: C:/Users/TrungNguyen/Desktop/PROJECT_1_CSC244/source_code/Project1_CSC244.sv Line: 9
    Warning (13410): Pin "Change3[0]" is stuck at GND File: C:/Users/TrungNguyen/Desktop/PROJECT_1_CSC244/source_code/Project1_CSC244.sv Line: 10
    Warning (13410): Pin "Change3[2]" is stuck at GND File: C:/Users/TrungNguyen/Desktop/PROJECT_1_CSC244/source_code/Project1_CSC244.sv Line: 10
    Warning (13410): Pin "Change3[3]" is stuck at GND File: C:/Users/TrungNguyen/Desktop/PROJECT_1_CSC244/source_code/Project1_CSC244.sv Line: 10
    Warning (13410): Pin "Change3[5]" is stuck at GND File: C:/Users/TrungNguyen/Desktop/PROJECT_1_CSC244/source_code/Project1_CSC244.sv Line: 10
    Warning (13410): Pin "DOT" is stuck at GND File: C:/Users/TrungNguyen/Desktop/PROJECT_1_CSC244/source_code/Project1_CSC244.sv Line: 11
    Warning (13410): Pin "out_CrrChange[1]" is stuck at GND File: C:/Users/TrungNguyen/Desktop/PROJECT_1_CSC244/source_code/Project1_CSC244.sv Line: 12
Info (286030): Timing-Driven Synthesis is running
Info (16010): Generating hard_block partition "hard_block:auto_generated_inst"
    Info (16011): Adding 0 node(s), including 0 DDIO, 0 PLL, 0 transceiver and 0 LCELL
Info (21057): Implemented 137 device resources after synthesis - the final resource count might be different
    Info (21058): Implemented 6 input pins
    Info (21059): Implemented 41 output pins
    Info (21061): Implemented 90 logic cells
Info: Quartus Prime Analysis & Synthesis was successful. 0 errors, 29 warnings
    Info: Peak virtual memory: 4774 megabytes
    Info: Processing ended: Mon Oct  9 21:10:29 2023
    Info: Elapsed time: 00:00:10
    Info: Total CPU time (on all processors): 00:00:08


