Flow report for Project1_CSS244
Sun Oct  8 23:12:33 2023
Quartus Prime Version 22.1std.0 Build 915 10/25/2022 SC Lite Edition


---------------------
; Table of Contents ;
---------------------
  1. Legal Notice
  2. Flow Summary
  3. Flow Settings
  4. Flow Non-Default Global Settings
  5. Flow Elapsed Time
  6. Flow OS Summary
  7. Flow Log
  8. Flow Messages
  9. Flow Suppressed Messages



----------------
; Legal Notice ;
----------------
Copyright (C) 2022  Intel Corporation. All rights reserved.
Your use of Intel Corporation's design tools, logic functions 
and other software and tools, and any partner logic 
functions, and any output files from any of the foregoing 
(including device programming or simulation files), and any 
associated documentation or information are expressly subject 
to the terms and conditions of the Intel Program License 
Subscription Agreement, the Intel Quartus Prime License Agreement,
the Intel FPGA IP License Agreement, or other applicable license
agreement, including, without limitation, that your use is for
the sole purpose of programming logic devices manufactured by
Intel and sold by Intel or its authorized distributors.  Please
refer to the applicable agreement for further details, at
https://fpgasoftware.intel.com/eula.



+-------------------------------------------------------------------------------------+
; Flow Summary                                                                        ;
+------------------------------------+------------------------------------------------+
; Flow Status                        ; Successful - Sun Oct  8 23:12:30 2023          ;
; Quartus Prime Version              ; 22.1std.0 Build 915 10/25/2022 SC Lite Edition ;
; Revision Name                      ; Project1_CSS244                                ;
; Top-level Entity Name              ; Project1_CSC244                                ;
; Family                             ; MAX 10                                         ;
; Device                             ; 10M50DAF484C7G                                 ;
; Timing Models                      ; Final                                          ;
; Total logic elements               ; 88 / 49,760 ( < 1 % )                          ;
;     Total combinational functions  ; 79 / 49,760 ( < 1 % )                          ;
;     Dedicated logic registers      ; 38 / 49,760 ( < 1 % )                          ;
; Total registers                    ; 38                                             ;
; Total pins                         ; 25 / 360 ( 7 % )                               ;
; Total virtual pins                 ; 0                                              ;
; Total memory bits                  ; 0 / 1,677,312 ( 0 % )                          ;
; Embedded Multiplier 9-bit elements ; 0 / 288 ( 0 % )                                ;
; Total PLLs                         ; 0 / 4 ( 0 % )                                  ;
; UFM blocks                         ; 0 / 1 ( 0 % )                                  ;
; ADC blocks                         ; 0 / 2 ( 0 % )                                  ;
+------------------------------------+------------------------------------------------+


+-----------------------------------------+
; Flow Settings                           ;
+-------------------+---------------------+
; Option            ; Setting             ;
+-------------------+---------------------+
; Start date & time ; 10/08/2023 23:12:10 ;
; Main task         ; Compilation         ;
; Revision Name     ; Project1_CSS244     ;
+-------------------+---------------------+


+-------------------------------------------------------------------------------------------------------------------------------+
; Flow Non-Default Global Settings                                                                                              ;
+-------------------------------------+----------------------------------------+-----------------+-----------------+------------+
; Assignment Name                     ; Value                                  ; Default Value   ; Entity Name     ; Section Id ;
+-------------------------------------+----------------------------------------+-----------------+-----------------+------------+
; COMPILER_SIGNATURE_ID               ; 300154790939.169682473005132           ; --              ; --              ; --         ;
; MAX_CORE_JUNCTION_TEMP              ; 85                                     ; --              ; --              ; --         ;
; MIN_CORE_JUNCTION_TEMP              ; 0                                      ; --              ; --              ; --         ;
; PARTITION_COLOR                     ; -- (Not supported for targeted family) ; --              ; Project1_CSC244 ; Top        ;
; PARTITION_FITTER_PRESERVATION_LEVEL ; -- (Not supported for targeted family) ; --              ; Project1_CSC244 ; Top        ;
; PARTITION_NETLIST_TYPE              ; -- (Not supported for targeted family) ; --              ; Project1_CSC244 ; Top        ;
; PROJECT_OUTPUT_DIRECTORY            ; output_files                           ; --              ; --              ; --         ;
; TOP_LEVEL_ENTITY                    ; Project1_CSC244                        ; Project1_CSS244 ; --              ; --         ;
+-------------------------------------+----------------------------------------+-----------------+-----------------+------------+


+--------------------------------------------------------------------------------------------------------------------------+
; Flow Elapsed Time                                                                                                        ;
+----------------------+--------------+-------------------------+---------------------+------------------------------------+
; Module Name          ; Elapsed Time ; Average Processors Used ; Peak Virtual Memory ; Total CPU Time (on all processors) ;
+----------------------+--------------+-------------------------+---------------------+------------------------------------+
; Analysis & Synthesis ; 00:00:08     ; 1.0                     ; 4774 MB             ; 00:00:08                           ;
; Fitter               ; 00:00:09     ; 1.0                     ; 5639 MB             ; 00:00:05                           ;
; Assembler            ; 00:00:02     ; 1.0                     ; 4724 MB             ; 00:00:02                           ;
; Timing Analyzer      ; 00:00:02     ; 1.0                     ; 4846 MB             ; 00:00:01                           ;
; Total                ; 00:00:21     ; --                      ; --                  ; 00:00:16                           ;
+----------------------+--------------+-------------------------+---------------------+------------------------------------+


+------------------------------------------------------------------------------------+
; Flow OS Summary                                                                    ;
+----------------------+------------------+------------+------------+----------------+
; Module Name          ; Machine Hostname ; OS Name    ; OS Version ; Processor type ;
+----------------------+------------------+------------+------------+----------------+
; Analysis & Synthesis ; Norman           ; Windows 10 ; 10.0       ; x86_64         ;
; Fitter               ; Norman           ; Windows 10 ; 10.0       ; x86_64         ;
; Assembler            ; Norman           ; Windows 10 ; 10.0       ; x86_64         ;
; Timing Analyzer      ; Norman           ; Windows 10 ; 10.0       ; x86_64         ;
+----------------------+------------------+------------+------------+----------------+


------------
; Flow Log ;
------------
quartus_map --read_settings_files=on --write_settings_files=off Project1_CSS244 -c Project1_CSS244
quartus_fit --read_settings_files=off --write_settings_files=off Project1_CSS244 -c Project1_CSS244
quartus_asm --read_settings_files=off --write_settings_files=off Project1_CSS244 -c Project1_CSS244
quartus_sta Project1_CSS244 -c Project1_CSS244



